Started GET "/" for 172.19.0.1 at 2019-07-03 01:37:26 +0000
Cannot render console from 172.19.0.1! Allowed networks: 127.0.0.1, ::1, 127.0.0.0/127.255.255.255
  
PG::ConnectionBad (could not connect to server: Connection refused
	Is the server running on host "localhost" (127.0.0.1) and accepting
	TCP/IP connections on port 5432?
could not connect to server: Cannot assign requested address
	Is the server running on host "localhost" (::1) and accepting
	TCP/IP connections on port 5432?
):
  
pg (1.1.4) lib/pg.rb:56:in `initialize'
pg (1.1.4) lib/pg.rb:56:in `new'
pg (1.1.4) lib/pg.rb:56:in `connect'
activerecord (5.2.3) lib/active_record/connection_adapters/postgresql_adapter.rb:692:in `connect'
activerecord (5.2.3) lib/active_record/connection_adapters/postgresql_adapter.rb:223:in `initialize'
activerecord (5.2.3) lib/active_record/connection_adapters/postgresql_adapter.rb:48:in `new'
activerecord (5.2.3) lib/active_record/connection_adapters/postgresql_adapter.rb:48:in `postgresql_connection'
activerecord (5.2.3) lib/active_record/connection_adapters/abstract/connection_pool.rb:811:in `new_connection'
activerecord (5.2.3) lib/active_record/connection_adapters/abstract/connection_pool.rb:855:in `checkout_new_connection'
activerecord (5.2.3) lib/active_record/connection_adapters/abstract/connection_pool.rb:834:in `try_to_checkout_new_connection'
activerecord (5.2.3) lib/active_record/connection_adapters/abstract/connection_pool.rb:795:in `acquire_connection'
activerecord (5.2.3) lib/active_record/connection_adapters/abstract/connection_pool.rb:523:in `checkout'
activerecord (5.2.3) lib/active_record/connection_adapters/abstract/connection_pool.rb:382:in `connection'
activerecord (5.2.3) lib/active_record/connection_adapters/abstract/connection_pool.rb:1014:in `retrieve_connection'
activerecord (5.2.3) lib/active_record/connection_handling.rb:118:in `retrieve_connection'
activerecord (5.2.3) lib/active_record/connection_handling.rb:90:in `connection'
activerecord (5.2.3) lib/active_record/migration.rb:554:in `call'
actionpack (5.2.3) lib/action_dispatch/middleware/callbacks.rb:28:in `block in call'
activesupport (5.2.3) lib/active_support/callbacks.rb:98:in `run_callbacks'
actionpack (5.2.3) lib/action_dispatch/middleware/callbacks.rb:26:in `call'
actionpack (5.2.3) lib/action_dispatch/middleware/executor.rb:14:in `call'
actionpack (5.2.3) lib/action_dispatch/middleware/debug_exceptions.rb:61:in `call'
web-console (3.7.0) lib/web_console/middleware.rb:135:in `call_app'
web-console (3.7.0) lib/web_console/middleware.rb:22:in `block in call'
web-console (3.7.0) lib/web_console/middleware.rb:20:in `catch'
web-console (3.7.0) lib/web_console/middleware.rb:20:in `call'
actionpack (5.2.3) lib/action_dispatch/middleware/show_exceptions.rb:33:in `call'
railties (5.2.3) lib/rails/rack/logger.rb:38:in `call_app'
railties (5.2.3) lib/rails/rack/logger.rb:26:in `block in call'
activesupport (5.2.3) lib/active_support/tagged_logging.rb:71:in `block in tagged'
activesupport (5.2.3) lib/active_support/tagged_logging.rb:28:in `tagged'
activesupport (5.2.3) lib/active_support/tagged_logging.rb:71:in `tagged'
railties (5.2.3) lib/rails/rack/logger.rb:26:in `call'
sprockets-rails (3.2.1) lib/sprockets/rails/quiet_assets.rb:13:in `call'
actionpack (5.2.3) lib/action_dispatch/middleware/remote_ip.rb:81:in `call'
actionpack (5.2.3) lib/action_dispatch/middleware/request_id.rb:27:in `call'
rack (2.0.7) lib/rack/method_override.rb:22:in `call'
rack (2.0.7) lib/rack/runtime.rb:22:in `call'
activesupport (5.2.3) lib/active_support/cache/strategy/local_cache_middleware.rb:29:in `call'
actionpack (5.2.3) lib/action_dispatch/middleware/executor.rb:14:in `call'
actionpack (5.2.3) lib/action_dispatch/middleware/static.rb:127:in `call'
rack (2.0.7) lib/rack/sendfile.rb:111:in `call'
railties (5.2.3) lib/rails/engine.rb:524:in `call'
puma (3.12.1) lib/puma/configuration.rb:227:in `call'
puma (3.12.1) lib/puma/server.rb:660:in `handle_request'
puma (3.12.1) lib/puma/server.rb:474:in `process_client'
puma (3.12.1) lib/puma/server.rb:334:in `block in run'
puma (3.12.1) lib/puma/thread_pool.rb:135:in `block in spawn_thread'
  [1m[35m (1197.7ms)[0m  [1m[35mCREATE DATABASE "grammable_development" ENCODING = 'unicode'[0m
  ↳ /usr/local/bundle/bin/rake:23
  [1m[35m (1158.4ms)[0m  [1m[35mCREATE DATABASE "grammable_test" ENCODING = 'unicode'[0m
  ↳ /usr/local/bundle/bin/rake:23
Started GET "/" for 172.19.0.1 at 2019-07-03 01:43:00 +0000
Cannot render console from 172.19.0.1! Allowed networks: 127.0.0.1, ::1, 127.0.0.0/127.255.255.255
Processing by Rails::WelcomeController#index as HTML
  Rendering /usr/local/bundle/gems/railties-5.2.3/lib/rails/templates/rails/welcome/index.html.erb
  Rendered /usr/local/bundle/gems/railties-5.2.3/lib/rails/templates/rails/welcome/index.html.erb (1.8ms)
Completed 200 OK in 11ms (Views: 3.8ms | ActiveRecord: 0.0ms)


Started GET "/" for 172.19.0.1 at 2019-07-03 02:11:58 +0000
Cannot render console from 172.19.0.1! Allowed networks: 127.0.0.1, ::1, 127.0.0.0/127.255.255.255
  
PG::ConnectionBad (FATAL:  could not open relation mapping file "global/pg_filenode.map": Permission denied
):
  
pg (1.1.4) lib/pg.rb:56:in `initialize'
pg (1.1.4) lib/pg.rb:56:in `new'
pg (1.1.4) lib/pg.rb:56:in `connect'
activerecord (5.2.3) lib/active_record/connection_adapters/postgresql_adapter.rb:692:in `connect'
activerecord (5.2.3) lib/active_record/connection_adapters/postgresql_adapter.rb:223:in `initialize'
activerecord (5.2.3) lib/active_record/connection_adapters/postgresql_adapter.rb:48:in `new'
activerecord (5.2.3) lib/active_record/connection_adapters/postgresql_adapter.rb:48:in `postgresql_connection'
activerecord (5.2.3) lib/active_record/connection_adapters/abstract/connection_pool.rb:811:in `new_connection'
activerecord (5.2.3) lib/active_record/connection_adapters/abstract/connection_pool.rb:855:in `checkout_new_connection'
activerecord (5.2.3) lib/active_record/connection_adapters/abstract/connection_pool.rb:834:in `try_to_checkout_new_connection'
activerecord (5.2.3) lib/active_record/connection_adapters/abstract/connection_pool.rb:795:in `acquire_connection'
activerecord (5.2.3) lib/active_record/connection_adapters/abstract/connection_pool.rb:523:in `checkout'
activerecord (5.2.3) lib/active_record/connection_adapters/abstract/connection_pool.rb:382:in `connection'
activerecord (5.2.3) lib/active_record/connection_adapters/abstract/connection_pool.rb:1014:in `retrieve_connection'
activerecord (5.2.3) lib/active_record/connection_handling.rb:118:in `retrieve_connection'
activerecord (5.2.3) lib/active_record/connection_handling.rb:90:in `connection'
activerecord (5.2.3) lib/active_record/migration.rb:554:in `call'
actionpack (5.2.3) lib/action_dispatch/middleware/callbacks.rb:28:in `block in call'
activesupport (5.2.3) lib/active_support/callbacks.rb:98:in `run_callbacks'
actionpack (5.2.3) lib/action_dispatch/middleware/callbacks.rb:26:in `call'
actionpack (5.2.3) lib/action_dispatch/middleware/executor.rb:14:in `call'
actionpack (5.2.3) lib/action_dispatch/middleware/debug_exceptions.rb:61:in `call'
web-console (3.7.0) lib/web_console/middleware.rb:135:in `call_app'
web-console (3.7.0) lib/web_console/middleware.rb:22:in `block in call'
web-console (3.7.0) lib/web_console/middleware.rb:20:in `catch'
web-console (3.7.0) lib/web_console/middleware.rb:20:in `call'
actionpack (5.2.3) lib/action_dispatch/middleware/show_exceptions.rb:33:in `call'
railties (5.2.3) lib/rails/rack/logger.rb:38:in `call_app'
railties (5.2.3) lib/rails/rack/logger.rb:26:in `block in call'
activesupport (5.2.3) lib/active_support/tagged_logging.rb:71:in `block in tagged'
activesupport (5.2.3) lib/active_support/tagged_logging.rb:28:in `tagged'
activesupport (5.2.3) lib/active_support/tagged_logging.rb:71:in `tagged'
railties (5.2.3) lib/rails/rack/logger.rb:26:in `call'
sprockets-rails (3.2.1) lib/sprockets/rails/quiet_assets.rb:13:in `call'
actionpack (5.2.3) lib/action_dispatch/middleware/remote_ip.rb:81:in `call'
actionpack (5.2.3) lib/action_dispatch/middleware/request_id.rb:27:in `call'
rack (2.0.7) lib/rack/method_override.rb:22:in `call'
rack (2.0.7) lib/rack/runtime.rb:22:in `call'
activesupport (5.2.3) lib/active_support/cache/strategy/local_cache_middleware.rb:29:in `call'
actionpack (5.2.3) lib/action_dispatch/middleware/executor.rb:14:in `call'
actionpack (5.2.3) lib/action_dispatch/middleware/static.rb:127:in `call'
rack (2.0.7) lib/rack/sendfile.rb:111:in `call'
railties (5.2.3) lib/rails/engine.rb:524:in `call'
puma (3.12.1) lib/puma/configuration.rb:227:in `call'
puma (3.12.1) lib/puma/server.rb:660:in `handle_request'
puma (3.12.1) lib/puma/server.rb:474:in `process_client'
puma (3.12.1) lib/puma/server.rb:334:in `block in run'
puma (3.12.1) lib/puma/thread_pool.rb:135:in `block in spawn_thread'
Started GET "/" for 172.19.0.1 at 2019-07-03 02:16:59 +0000
Cannot render console from 172.19.0.1! Allowed networks: 127.0.0.1, ::1, 127.0.0.0/127.255.255.255
Processing by Rails::WelcomeController#index as HTML
  Rendering /usr/local/bundle/gems/railties-5.2.3/lib/rails/templates/rails/welcome/index.html.erb
  Rendered /usr/local/bundle/gems/railties-5.2.3/lib/rails/templates/rails/welcome/index.html.erb (1.3ms)
Completed 200 OK in 8ms (Views: 2.9ms | ActiveRecord: 0.0ms)


Started GET "/" for 172.19.0.1 at 2019-07-03 02:17:20 +0000
Cannot render console from 172.19.0.1! Allowed networks: 127.0.0.1, ::1, 127.0.0.0/127.255.255.255
Processing by Rails::WelcomeController#index as HTML
  Rendering /usr/local/bundle/gems/railties-5.2.3/lib/rails/templates/rails/welcome/index.html.erb
  Rendered /usr/local/bundle/gems/railties-5.2.3/lib/rails/templates/rails/welcome/index.html.erb (2.4ms)
Completed 200 OK in 5ms (Views: 3.9ms | ActiveRecord: 0.0ms)


Started GET "/" for 172.19.0.1 at 2019-07-03 02:23:40 +0000
Cannot render console from 172.19.0.1! Allowed networks: 127.0.0.1, ::1, 127.0.0.0/127.255.255.255
  
AbstractController::ActionNotFound (The action 'index' could not be found for GramsController):
  
actionpack (5.2.3) lib/abstract_controller/base.rb:129:in `process'
actionview (5.2.3) lib/action_view/rendering.rb:32:in `process'
actionpack (5.2.3) lib/action_controller/metal.rb:191:in `dispatch'
actionpack (5.2.3) lib/action_controller/metal.rb:252:in `dispatch'
actionpack (5.2.3) lib/action_dispatch/routing/route_set.rb:52:in `dispatch'
actionpack (5.2.3) lib/action_dispatch/routing/route_set.rb:34:in `serve'
actionpack (5.2.3) lib/action_dispatch/journey/router.rb:52:in `block in serve'
actionpack (5.2.3) lib/action_dispatch/journey/router.rb:35:in `each'
actionpack (5.2.3) lib/action_dispatch/journey/router.rb:35:in `serve'
actionpack (5.2.3) lib/action_dispatch/routing/route_set.rb:840:in `call'
rack (2.0.7) lib/rack/tempfile_reaper.rb:15:in `call'
rack (2.0.7) lib/rack/etag.rb:25:in `call'
rack (2.0.7) lib/rack/conditional_get.rb:25:in `call'
rack (2.0.7) lib/rack/head.rb:12:in `call'
actionpack (5.2.3) lib/action_dispatch/http/content_security_policy.rb:18:in `call'
rack (2.0.7) lib/rack/session/abstract/id.rb:232:in `context'
rack (2.0.7) lib/rack/session/abstract/id.rb:226:in `call'
actionpack (5.2.3) lib/action_dispatch/middleware/cookies.rb:670:in `call'
activerecord (5.2.3) lib/active_record/migration.rb:559:in `call'
actionpack (5.2.3) lib/action_dispatch/middleware/callbacks.rb:28:in `block in call'
activesupport (5.2.3) lib/active_support/callbacks.rb:98:in `run_callbacks'
actionpack (5.2.3) lib/action_dispatch/middleware/callbacks.rb:26:in `call'
actionpack (5.2.3) lib/action_dispatch/middleware/executor.rb:14:in `call'
actionpack (5.2.3) lib/action_dispatch/middleware/debug_exceptions.rb:61:in `call'
web-console (3.7.0) lib/web_console/middleware.rb:135:in `call_app'
web-console (3.7.0) lib/web_console/middleware.rb:22:in `block in call'
web-console (3.7.0) lib/web_console/middleware.rb:20:in `catch'
web-console (3.7.0) lib/web_console/middleware.rb:20:in `call'
actionpack (5.2.3) lib/action_dispatch/middleware/show_exceptions.rb:33:in `call'
railties (5.2.3) lib/rails/rack/logger.rb:38:in `call_app'
railties (5.2.3) lib/rails/rack/logger.rb:26:in `block in call'
activesupport (5.2.3) lib/active_support/tagged_logging.rb:71:in `block in tagged'
activesupport (5.2.3) lib/active_support/tagged_logging.rb:28:in `tagged'
activesupport (5.2.3) lib/active_support/tagged_logging.rb:71:in `tagged'
railties (5.2.3) lib/rails/rack/logger.rb:26:in `call'
sprockets-rails (3.2.1) lib/sprockets/rails/quiet_assets.rb:13:in `call'
actionpack (5.2.3) lib/action_dispatch/middleware/remote_ip.rb:81:in `call'
actionpack (5.2.3) lib/action_dispatch/middleware/request_id.rb:27:in `call'
rack (2.0.7) lib/rack/method_override.rb:22:in `call'
rack (2.0.7) lib/rack/runtime.rb:22:in `call'
activesupport (5.2.3) lib/active_support/cache/strategy/local_cache_middleware.rb:29:in `call'
actionpack (5.2.3) lib/action_dispatch/middleware/executor.rb:14:in `call'
actionpack (5.2.3) lib/action_dispatch/middleware/static.rb:127:in `call'
rack (2.0.7) lib/rack/sendfile.rb:111:in `call'
railties (5.2.3) lib/rails/engine.rb:524:in `call'
puma (3.12.1) lib/puma/configuration.rb:227:in `call'
puma (3.12.1) lib/puma/server.rb:660:in `handle_request'
puma (3.12.1) lib/puma/server.rb:474:in `process_client'
puma (3.12.1) lib/puma/server.rb:334:in `block in run'
puma (3.12.1) lib/puma/thread_pool.rb:135:in `block in spawn_thread'
Started GET "/" for 172.19.0.1 at 2019-07-03 02:26:21 +0000
Cannot render console from 172.19.0.1! Allowed networks: 127.0.0.1, ::1, 127.0.0.0/127.255.255.255
Processing by GramsController#index as HTML
  Rendering grams/index.html.erb within layouts/application
  Rendered grams/index.html.erb within layouts/application (0.2ms)
Completed 200 OK in 381ms (Views: 380.5ms | ActiveRecord: 0.0ms)


Started GET "/" for 172.19.0.1 at 2019-07-04 14:35:43 +0000
Cannot render console from 172.19.0.1! Allowed networks: 127.0.0.1, ::1, 127.0.0.0/127.255.255.255
Processing by GramsController#index as HTML
  Rendering grams/index.html.erb within layouts/application
  Rendered grams/index.html.erb within layouts/application (0.4ms)
Completed 200 OK in 106ms (Views: 99.3ms | ActiveRecord: 0.0ms)


  [1m[35m (228.7ms)[0m  [1m[35mCREATE TABLE "schema_migrations" ("version" character varying NOT NULL PRIMARY KEY)[0m
  ↳ /usr/local/bundle/bin/rake:23
  [1m[35m (147.7ms)[0m  [1m[35mCREATE TABLE "ar_internal_metadata" ("key" character varying NOT NULL PRIMARY KEY, "value" character varying, "created_at" timestamp NOT NULL, "updated_at" timestamp NOT NULL)[0m
  ↳ /usr/local/bundle/bin/rake:23
  [1m[35m (0.3ms)[0m  [1m[34mSELECT pg_try_advisory_lock(5866445207947997295)[0m
  ↳ /usr/local/bundle/bin/rake:23
  [1m[35m (0.4ms)[0m  [1m[34mSELECT "schema_migrations"."version" FROM "schema_migrations" ORDER BY "schema_migrations"."version" ASC[0m
  ↳ /usr/local/bundle/bin/rake:23
  [1m[36mActiveRecord::InternalMetadata Load (0.3ms)[0m  [1m[34mSELECT  "ar_internal_metadata".* FROM "ar_internal_metadata" WHERE "ar_internal_metadata"."key" = $1 LIMIT $2[0m  [["key", "environment"], ["LIMIT", 1]]
  ↳ /usr/local/bundle/bin/rake:23
  [1m[35m (0.2ms)[0m  [1m[35mBEGIN[0m
  ↳ /usr/local/bundle/bin/rake:23
  [1m[36mActiveRecord::InternalMetadata Create (0.5ms)[0m  [1m[32mINSERT INTO "ar_internal_metadata" ("key", "value", "created_at", "updated_at") VALUES ($1, $2, $3, $4) RETURNING "key"[0m  [["key", "environment"], ["value", "development"], ["created_at", "2019-07-04 14:53:36.159826"], ["updated_at", "2019-07-04 14:53:36.159826"]]
  ↳ /usr/local/bundle/bin/rake:23
  [1m[35m (7.5ms)[0m  [1m[35mCOMMIT[0m
  ↳ /usr/local/bundle/bin/rake:23
  [1m[35m (0.2ms)[0m  [1m[34mSELECT pg_advisory_unlock(5866445207947997295)[0m
  ↳ /usr/local/bundle/bin/rake:23
  [1m[35m (0.3ms)[0m  [1m[34mSELECT "schema_migrations"."version" FROM "schema_migrations" ORDER BY "schema_migrations"."version" ASC[0m
  ↳ /usr/local/bundle/bin/rake:23
Started GET "/" for 172.19.0.1 at 2019-07-04 15:21:58 +0000
Cannot render console from 172.19.0.1! Allowed networks: 127.0.0.1, ::1, 127.0.0.0/127.255.255.255
Processing by GramsController#index as HTML
  Rendering grams/index.html.erb within layouts/application
  Rendered grams/index.html.erb within layouts/application (0.4ms)
Completed 200 OK in 3912ms (Views: 3904.9ms | ActiveRecord: 0.0ms)


  [1m[35m (0.2ms)[0m  [1m[34mSELECT pg_try_advisory_lock(5866445207947997295)[0m
  ↳ /usr/local/bundle/bin/rake:23
  [1m[35m (0.9ms)[0m  [1m[34mSELECT "schema_migrations"."version" FROM "schema_migrations" ORDER BY "schema_migrations"."version" ASC[0m
  ↳ /usr/local/bundle/bin/rake:23
Migrating to CreateGrams (20190704152250)
  [1m[35m (0.1ms)[0m  [1m[35mBEGIN[0m
  ↳ /usr/local/bundle/bin/rake:23
  [1m[35m (192.0ms)[0m  [1m[35mCREATE TABLE "grams" ("id" bigserial primary key, "message" text, "created_at" timestamp NOT NULL, "updated_at" timestamp NOT NULL)[0m
  ↳ db/migrate/20190704152250_create_grams.rb:3
  [1m[36mActiveRecord::SchemaMigration Create (0.5ms)[0m  [1m[32mINSERT INTO "schema_migrations" ("version") VALUES ($1) RETURNING "version"[0m  [["version", "20190704152250"]]
  ↳ /usr/local/bundle/bin/rake:23
  [1m[35m (53.8ms)[0m  [1m[35mCOMMIT[0m
  ↳ /usr/local/bundle/bin/rake:23
  [1m[36mActiveRecord::InternalMetadata Load (0.4ms)[0m  [1m[34mSELECT  "ar_internal_metadata".* FROM "ar_internal_metadata" WHERE "ar_internal_metadata"."key" = $1 LIMIT $2[0m  [["key", "environment"], ["LIMIT", 1]]
  ↳ /usr/local/bundle/bin/rake:23
  [1m[35m (0.2ms)[0m  [1m[35mBEGIN[0m
  ↳ /usr/local/bundle/bin/rake:23
  [1m[35m (0.1ms)[0m  [1m[35mCOMMIT[0m
  ↳ /usr/local/bundle/bin/rake:23
  [1m[35m (0.2ms)[0m  [1m[34mSELECT pg_advisory_unlock(5866445207947997295)[0m
  ↳ /usr/local/bundle/bin/rake:23
  [1m[35m (0.3ms)[0m  [1m[34mSELECT "schema_migrations"."version" FROM "schema_migrations" ORDER BY "schema_migrations"."version" ASC[0m
  ↳ /usr/local/bundle/bin/rake:23
Started GET "/new" for 172.19.0.1 at 2019-07-04 15:34:59 +0000
Cannot render console from 172.19.0.1! Allowed networks: 127.0.0.1, ::1, 127.0.0.0/127.255.255.255
  [1m[35m (1.0ms)[0m  [1m[34mSELECT "schema_migrations"."version" FROM "schema_migrations" ORDER BY "schema_migrations"."version" ASC[0m
  ↳ /usr/local/bundle/gems/activerecord-5.2.3/lib/active_record/log_subscriber.rb:98
  
ActionController::RoutingError (No route matches [GET] "/new"):
  
actionpack (5.2.3) lib/action_dispatch/middleware/debug_exceptions.rb:65:in `call'
web-console (3.7.0) lib/web_console/middleware.rb:135:in `call_app'
web-console (3.7.0) lib/web_console/middleware.rb:22:in `block in call'
web-console (3.7.0) lib/web_console/middleware.rb:20:in `catch'
web-console (3.7.0) lib/web_console/middleware.rb:20:in `call'
actionpack (5.2.3) lib/action_dispatch/middleware/show_exceptions.rb:33:in `call'
railties (5.2.3) lib/rails/rack/logger.rb:38:in `call_app'
railties (5.2.3) lib/rails/rack/logger.rb:26:in `block in call'
activesupport (5.2.3) lib/active_support/tagged_logging.rb:71:in `block in tagged'
activesupport (5.2.3) lib/active_support/tagged_logging.rb:28:in `tagged'
activesupport (5.2.3) lib/active_support/tagged_logging.rb:71:in `tagged'
railties (5.2.3) lib/rails/rack/logger.rb:26:in `call'
sprockets-rails (3.2.1) lib/sprockets/rails/quiet_assets.rb:13:in `call'
actionpack (5.2.3) lib/action_dispatch/middleware/remote_ip.rb:81:in `call'
actionpack (5.2.3) lib/action_dispatch/middleware/request_id.rb:27:in `call'
rack (2.0.7) lib/rack/method_override.rb:22:in `call'
rack (2.0.7) lib/rack/runtime.rb:22:in `call'
activesupport (5.2.3) lib/active_support/cache/strategy/local_cache_middleware.rb:29:in `call'
actionpack (5.2.3) lib/action_dispatch/middleware/executor.rb:14:in `call'
actionpack (5.2.3) lib/action_dispatch/middleware/static.rb:127:in `call'
rack (2.0.7) lib/rack/sendfile.rb:111:in `call'
railties (5.2.3) lib/rails/engine.rb:524:in `call'
puma (3.12.1) lib/puma/configuration.rb:227:in `call'
puma (3.12.1) lib/puma/server.rb:660:in `handle_request'
puma (3.12.1) lib/puma/server.rb:474:in `process_client'
puma (3.12.1) lib/puma/server.rb:334:in `block in run'
puma (3.12.1) lib/puma/thread_pool.rb:135:in `block in spawn_thread'
Started GET "/grams/new" for 172.19.0.1 at 2019-07-04 15:35:11 +0000
Cannot render console from 172.19.0.1! Allowed networks: 127.0.0.1, ::1, 127.0.0.0/127.255.255.255
Processing by GramsController#new as HTML
  Rendering grams/new.html.erb within layouts/application
  Rendered grams/new.html.erb within layouts/application (21.7ms)
Completed 200 OK in 210ms (Views: 196.4ms | ActiveRecord: 6.2ms)


Started GET "/" for 172.19.0.1 at 2019-07-04 15:35:16 +0000
Cannot render console from 172.19.0.1! Allowed networks: 127.0.0.1, ::1, 127.0.0.0/127.255.255.255
Processing by GramsController#index as HTML
  Rendering grams/index.html.erb within layouts/application
  Rendered grams/index.html.erb within layouts/application (0.4ms)
Completed 200 OK in 32ms (Views: 30.8ms | ActiveRecord: 0.0ms)


  [1m[35m (0.2ms)[0m  [1m[34mSELECT pg_try_advisory_lock(5866445207947997295)[0m
  ↳ /usr/local/bundle/bin/rake:23
  [1m[35m (0.6ms)[0m  [1m[34mSELECT "schema_migrations"."version" FROM "schema_migrations" ORDER BY "schema_migrations"."version" ASC[0m
  ↳ /usr/local/bundle/bin/rake:23
Migrating to DeviseCreateUsers (20190704155254)
  [1m[35m (0.1ms)[0m  [1m[35mBEGIN[0m
  ↳ /usr/local/bundle/bin/rake:23
  [1m[35m (91.4ms)[0m  [1m[35mCREATE TABLE "users" ("id" bigserial primary key, "email" character varying DEFAULT '' NOT NULL, "encrypted_password" character varying DEFAULT '' NOT NULL, "reset_password_token" character varying, "reset_password_sent_at" timestamp, "remember_created_at" timestamp, "created_at" timestamp NOT NULL, "updated_at" timestamp NOT NULL)[0m
  ↳ db/migrate/20190704155254_devise_create_users.rb:5
  [1m[35m (30.0ms)[0m  [1m[35mCREATE UNIQUE INDEX  "index_users_on_email" ON "users"  ("email")[0m
  ↳ db/migrate/20190704155254_devise_create_users.rb:39
  [1m[35m (61.8ms)[0m  [1m[35mCREATE UNIQUE INDEX  "index_users_on_reset_password_token" ON "users"  ("reset_password_token")[0m
  ↳ db/migrate/20190704155254_devise_create_users.rb:40
  [1m[36mActiveRecord::SchemaMigration Create (0.4ms)[0m  [1m[32mINSERT INTO "schema_migrations" ("version") VALUES ($1) RETURNING "version"[0m  [["version", "20190704155254"]]
  ↳ /usr/local/bundle/bin/rake:23
  [1m[35m (3.4ms)[0m  [1m[35mCOMMIT[0m
  ↳ /usr/local/bundle/bin/rake:23
  [1m[36mActiveRecord::InternalMetadata Load (0.5ms)[0m  [1m[34mSELECT  "ar_internal_metadata".* FROM "ar_internal_metadata" WHERE "ar_internal_metadata"."key" = $1 LIMIT $2[0m  [["key", "environment"], ["LIMIT", 1]]
  ↳ /usr/local/bundle/bin/rake:23
  [1m[35m (0.2ms)[0m  [1m[35mBEGIN[0m
  ↳ /usr/local/bundle/bin/rake:23
  [1m[35m (0.1ms)[0m  [1m[35mCOMMIT[0m
  ↳ /usr/local/bundle/bin/rake:23
  [1m[35m (0.3ms)[0m  [1m[34mSELECT pg_advisory_unlock(5866445207947997295)[0m
  ↳ /usr/local/bundle/bin/rake:23
  [1m[35m (0.3ms)[0m  [1m[34mSELECT "schema_migrations"."version" FROM "schema_migrations" ORDER BY "schema_migrations"."version" ASC[0m
  ↳ /usr/local/bundle/bin/rake:23
  [1m[35m (0.2ms)[0m  [1m[34mSELECT pg_try_advisory_lock(5866445207947997295)[0m
  ↳ /usr/local/bundle/bin/rake:23
  [1m[35m (0.6ms)[0m  [1m[34mSELECT "schema_migrations"."version" FROM "schema_migrations" ORDER BY "schema_migrations"."version" ASC[0m
  ↳ /usr/local/bundle/bin/rake:23
Migrating to AlterGramsAddUserId (20190704163044)
  [1m[35m (0.2ms)[0m  [1m[35mBEGIN[0m
  ↳ /usr/local/bundle/bin/rake:23
  [1m[35m (0.6ms)[0m  [1m[35mALTER TABLE "grams" ADD "user_id" integer[0m
  ↳ db/migrate/20190704163044_alter_grams_add_user_id.rb:3
  [1m[35m (140.3ms)[0m  [1m[35mCREATE  INDEX  "index_grams_on_user_id" ON "grams"  ("user_id")[0m
  ↳ db/migrate/20190704163044_alter_grams_add_user_id.rb:4
  [1m[36mActiveRecord::SchemaMigration Create (0.4ms)[0m  [1m[32mINSERT INTO "schema_migrations" ("version") VALUES ($1) RETURNING "version"[0m  [["version", "20190704163044"]]
  ↳ /usr/local/bundle/bin/rake:23
  [1m[35m (48.3ms)[0m  [1m[35mCOMMIT[0m
  ↳ /usr/local/bundle/bin/rake:23
  [1m[36mActiveRecord::InternalMetadata Load (0.5ms)[0m  [1m[34mSELECT  "ar_internal_metadata".* FROM "ar_internal_metadata" WHERE "ar_internal_metadata"."key" = $1 LIMIT $2[0m  [["key", "environment"], ["LIMIT", 1]]
  ↳ /usr/local/bundle/bin/rake:23
  [1m[35m (0.3ms)[0m  [1m[35mBEGIN[0m
  ↳ /usr/local/bundle/bin/rake:23
  [1m[35m (0.2ms)[0m  [1m[35mCOMMIT[0m
  ↳ /usr/local/bundle/bin/rake:23
  [1m[35m (0.4ms)[0m  [1m[34mSELECT pg_advisory_unlock(5866445207947997295)[0m
  ↳ /usr/local/bundle/bin/rake:23
  [1m[35m (0.2ms)[0m  [1m[34mSELECT "schema_migrations"."version" FROM "schema_migrations" ORDER BY "schema_migrations"."version" ASC[0m
  ↳ /usr/local/bundle/bin/rake:23
Started GET "/" for 172.19.0.1 at 2019-07-04 16:33:05 +0000
Cannot render console from 172.19.0.1! Allowed networks: 127.0.0.1, ::1, 127.0.0.0/127.255.255.255
  [1m[35m (0.7ms)[0m  [1m[34mSELECT "schema_migrations"."version" FROM "schema_migrations" ORDER BY "schema_migrations"."version" ASC[0m
  ↳ /usr/local/bundle/gems/activerecord-5.2.3/lib/active_record/log_subscriber.rb:98
Processing by GramsController#index as HTML
  Rendering grams/index.html.erb within layouts/application
  Rendered grams/index.html.erb within layouts/application (0.6ms)
Started GET "/" for 172.19.0.1 at 2019-07-04 16:33:05 +0000
Cannot render console from 172.19.0.1! Allowed networks: 127.0.0.1, ::1, 127.0.0.0/127.255.255.255
Completed 200 OK in 228ms (Views: 220.6ms | ActiveRecord: 0.0ms)


Processing by GramsController#index as HTML
  Rendering grams/index.html.erb within layouts/application
  Rendered grams/index.html.erb within layouts/application (0.2ms)
Completed 200 OK in 65ms (Views: 64.6ms | ActiveRecord: 0.0ms)


